Client: 1729363670105, Operation: INSERT, Position: 1, Character: f, Cursor: 2, Timestamp: 2024-10-19 18:47:58 +0000 UTC
Client: 1729363670105, Operation: INSERT, Position: 2, Character: d, Cursor: 3, Timestamp: 2024-10-19 18:47:58 +0000 UTC
Client: 1729363670105, Operation: INSERT, Position: 3, Character: f, Cursor: 4, Timestamp: 2024-10-19 18:47:58 +0000 UTC
Client: 1729363670105, Operation: INSERT, Position: 0, Character: d, Cursor: 1, Timestamp: 2024-10-19 18:48:15 +0000 UTC
Client: 1729363670105, Operation: DELETE, Position: 0, Character: , Cursor: 0, Timestamp: 2024-10-19 18:48:17 +0000 UTC
Client: 1729363680630, Operation: DELETE, Position: 2, Character: , Cursor: 2, Timestamp: 2024-10-19 18:48:19 +0000 UTC
Client: 1729363680630, Operation: DELETE, Position: 1, Character: , Cursor: 1, Timestamp: 2024-10-19 18:48:19 +0000 UTC
Client: 1729363680630, Operation: DELETE, Position: 0, Character: , Cursor: 0, Timestamp: 2024-10-19 18:48:19 +0000 UTC
Client: 1729363670105, Operation: INSERT, Position: 0, Character: f, Cursor: 1, Timestamp: 2024-10-19 18:48:23 +0000 UTC
Client: 1729363680630, Operation: INSERT, Position: 2, Character: f, Cursor: 3, Timestamp: 2024-10-19 18:48:25 +0000 UTC
Client: 1729363680630, Operation: INSERT, Position: 3, Character: f, Cursor: 4, Timestamp: 2024-10-19 18:48:25 +0000 UTC
Client: 1729363680630, Operation: INSERT, Position: 4, Character: a, Cursor: 5, Timestamp: 2024-10-19 18:48:26 +0000 UTC
Client: 1729363680630, Operation: INSERT, Position: 5, Character: a, Cursor: 6, Timestamp: 2024-10-19 18:48:26 +0000 UTC
Client: 1729363680630, Operation: INSERT, Position: 6, Character: a, Cursor: 7, Timestamp: 2024-10-19 18:48:26 +0000 UTC
Client: 1729363680630, Operation: INSERT, Position: 7, Character: =, Cursor: 8, Timestamp: 2024-10-19 18:48:27 +0000 UTC
Client: 1729363680630, Operation: DELETE, Position: 7, Character: , Cursor: 7, Timestamp: 2024-10-19 18:48:28 +0000 UTC
Client: 1729363680630, Operation: DELETE, Position: 6, Character: , Cursor: 6, Timestamp: 2024-10-19 18:48:28 +0000 UTC
Client: 1729363680630, Operation: DELETE, Position: 5, Character: , Cursor: 5, Timestamp: 2024-10-19 18:48:28 +0000 UTC
Client: 1729363680630, Operation: DELETE, Position: 4, Character: , Cursor: 4, Timestamp: 2024-10-19 18:48:28 +0000 UTC
Client: 1729363680630, Operation: DELETE, Position: 3, Character: , Cursor: 3, Timestamp: 2024-10-19 18:48:28 +0000 UTC
Client: 1729363680630, Operation: DELETE, Position: 2, Character: , Cursor: 2, Timestamp: 2024-10-19 18:48:28 +0000 UTC
Client: 1729363680630, Operation: DELETE, Position: 1, Character: , Cursor: 1, Timestamp: 2024-10-19 18:48:28 +0000 UTC
Client: 1729363680630, Operation: DELETE, Position: 0, Character: , Cursor: 0, Timestamp: 2024-10-19 18:48:28 +0000 UTC
Client: 1729363680630, Operation: INSERT, Position: 0, Character: j, Cursor: 1, Timestamp: 2024-10-19 18:48:29 +0000 UTC
Client: 1729363680630, Operation: INSERT, Position: 1, Character: e, Cursor: 2, Timestamp: 2024-10-19 18:48:30 +0000 UTC
Client: 1729363680630, Operation: INSERT, Position: 2, Character: h, Cursor: 3, Timestamp: 2024-10-19 18:48:30 +0000 UTC
Client: 1729363680630, Operation: INSERT, Position: 3, Character: l, Cursor: 4, Timestamp: 2024-10-19 18:48:30 +0000 UTC
Client: 1729363680630, Operation: INSERT, Position: 4, Character: e, Cursor: 5, Timestamp: 2024-10-19 18:48:30 +0000 UTC
Client: 1729363680630, Operation: INSERT, Position: 5, Character:  , Cursor: 6, Timestamp: 2024-10-19 18:48:30 +0000 UTC
Client: 1729363680630, Operation: INSERT, Position: 6, Character: f, Cursor: 7, Timestamp: 2024-10-19 18:48:30 +0000 UTC
Client: 1729363680630, Operation: INSERT, Position: 7, Character: h, Cursor: 8, Timestamp: 2024-10-19 18:48:30 +0000 UTC
Client: 1729363680630, Operation: INSERT, Position: 8, Character: a, Cursor: 9, Timestamp: 2024-10-19 18:48:30 +0000 UTC
Client: 1729363680630, Operation: INSERT, Position: 9, Character: d, Cursor: 10, Timestamp: 2024-10-19 18:48:30 +0000 UTC
Client: 1729363680630, Operation: INSERT, Position: 10, Character: f, Cursor: 11, Timestamp: 2024-10-19 18:48:30 +0000 UTC
Client: 1729363680630, Operation: INSERT, Position: 11, Character: k, Cursor: 12, Timestamp: 2024-10-19 18:48:31 +0000 UTC
Client: 1729363680630, Operation: INSERT, Position: 12, Character: s, Cursor: 13, Timestamp: 2024-10-19 18:48:31 +0000 UTC
Client: 1729363680630, Operation: INSERT, Position: 13, Character: a, Cursor: 14, Timestamp: 2024-10-19 18:48:31 +0000 UTC
Client: 1729363680630, Operation: INSERT, Position: 14, Character:  , Cursor: 15, Timestamp: 2024-10-19 18:48:31 +0000 UTC
Client: 1729363680630, Operation: INSERT, Position: 15, Character: l, Cursor: 16, Timestamp: 2024-10-19 18:48:31 +0000 UTC
Client: 1729363680630, Operation: INSERT, Position: 16, Character: k, Cursor: 17, Timestamp: 2024-10-19 18:48:31 +0000 UTC
Client: 1729363680630, Operation: INSERT, Position: 17, Character: s, Cursor: 18, Timestamp: 2024-10-19 18:48:31 +0000 UTC
Client: 1729363680630, Operation: INSERT, Position: 18, Character: a, Cursor: 19, Timestamp: 2024-10-19 18:48:31 +0000 UTC
Client: 1729363680630, Operation: INSERT, Position: 19, Character: d, Cursor: 20, Timestamp: 2024-10-19 18:48:31 +0000 UTC
Client: 1729363680630, Operation: INSERT, Position: 20, Character: j, Cursor: 21, Timestamp: 2024-10-19 18:48:31 +0000 UTC
Client: 1729363680630, Operation: INSERT, Position: 21, Character: f, Cursor: 22, Timestamp: 2024-10-19 18:48:31 +0000 UTC
Client: 1729363680630, Operation: INSERT, Position: 22, Character:  , Cursor: 23, Timestamp: 2024-10-19 18:48:31 +0000 UTC
Client: 1729363680630, Operation: INSERT, Position: 23, Character: k, Cursor: 24, Timestamp: 2024-10-19 18:48:31 +0000 UTC
Client: 1729363680630, Operation: INSERT, Position: 24, Character: d, Cursor: 25, Timestamp: 2024-10-19 18:48:31 +0000 UTC
Client: 1729363680630, Operation: INSERT, Position: 25, Character: j, Cursor: 26, Timestamp: 2024-10-19 18:48:31 +0000 UTC
Client: 1729363680630, Operation: INSERT, Position: 26, Character: f, Cursor: 27, Timestamp: 2024-10-19 18:48:31 +0000 UTC
Client: 1729363680630, Operation: INSERT, Position: 27, Character:  , Cursor: 28, Timestamp: 2024-10-19 18:48:31 +0000 UTC
Client: 1729363680630, Operation: INSERT, Position: 28, Character: l, Cursor: 29, Timestamp: 2024-10-19 18:48:32 +0000 UTC
Client: 1729363680630, Operation: INSERT, Position: 29, Character: k, Cursor: 30, Timestamp: 2024-10-19 18:48:32 +0000 UTC
Client: 1729363680630, Operation: INSERT, Position: 30, Character: s, Cursor: 31, Timestamp: 2024-10-19 18:48:32 +0000 UTC
Client: 1729363680630, Operation: INSERT, Position: 31, Character: d, Cursor: 32, Timestamp: 2024-10-19 18:48:32 +0000 UTC
Client: 1729363680630, Operation: INSERT, Position: 32, Character: f, Cursor: 33, Timestamp: 2024-10-19 18:48:32 +0000 UTC
Client: 1729363680630, Operation: INSERT, Position: 33, Character: j, Cursor: 34, Timestamp: 2024-10-19 18:48:32 +0000 UTC
Client: 1729363680630, Operation: INSERT, Position: 34, Character:  , Cursor: 35, Timestamp: 2024-10-19 18:48:32 +0000 UTC
Client: 1729363680630, Operation: INSERT, Position: 35, Character: l, Cursor: 36, Timestamp: 2024-10-19 18:48:32 +0000 UTC
Client: 1729363680630, Operation: INSERT, Position: 36, Character: k, Cursor: 37, Timestamp: 2024-10-19 18:48:32 +0000 UTC
Client: 1729363680630, Operation: INSERT, Position: 37, Character: s, Cursor: 38, Timestamp: 2024-10-19 18:48:32 +0000 UTC
Client: 1729363680630, Operation: INSERT, Position: 38, Character: d, Cursor: 39, Timestamp: 2024-10-19 18:48:32 +0000 UTC
Client: 1729363680630, Operation: INSERT, Position: 39, Character:  , Cursor: 40, Timestamp: 2024-10-19 18:48:32 +0000 UTC
Client: 1729363680630, Operation: INSERT, Position: 40, Character: j, Cursor: 41, Timestamp: 2024-10-19 18:48:32 +0000 UTC
Client: 1729363680630, Operation: INSERT, Position: 41, Character: f, Cursor: 42, Timestamp: 2024-10-19 18:48:32 +0000 UTC
Client: 1729363680630, Operation: INSERT, Position: 42, Character: l, Cursor: 43, Timestamp: 2024-10-19 18:48:32 +0000 UTC
Client: 1729363680630, Operation: INSERT, Position: 43, Character: s, Cursor: 44, Timestamp: 2024-10-19 18:48:32 +0000 UTC
Client: 1729363680630, Operation: INSERT, Position: 44, Character: a, Cursor: 45, Timestamp: 2024-10-19 18:48:32 +0000 UTC
Client: 1729363680630, Operation: INSERT, Position: 45, Character: d, Cursor: 46, Timestamp: 2024-10-19 18:48:32 +0000 UTC
Client: 1729363680630, Operation: INSERT, Position: 46, Character:  , Cursor: 47, Timestamp: 2024-10-19 18:48:32 +0000 UTC
Client: 1729363734352, Operation: INSERT, Position: 48, Character: g, Cursor: 49, Timestamp: 2024-10-19 18:49:08 +0000 UTC
Client: 1729363734352, Operation: INSERT, Position: 49, Character:  , Cursor: 50, Timestamp: 2024-10-19 18:49:08 +0000 UTC
Client: 1729363734352, Operation: INSERT, Position: 50, Character: n, Cursor: 51, Timestamp: 2024-10-19 18:49:10 +0000 UTC
Client: 1729363734352, Operation: INSERT, Position: 51, Character: n, Cursor: 52, Timestamp: 2024-10-19 18:49:10 +0000 UTC
Client: 1729363734352, Operation: INSERT, Position: 52, Character: n, Cursor: 53, Timestamp: 2024-10-19 18:49:10 +0000 UTC
Client: 1729363734352, Operation: INSERT, Position: 53, Character: =, Cursor: 54, Timestamp: 2024-10-19 18:49:11 +0000 UTC
Client: 1729363734352, Operation: INSERT, Position: 54, Character: =, Cursor: 55, Timestamp: 2024-10-19 18:49:11 +0000 UTC
Client: 1729363734352, Operation: DELETE, Position: 54, Character: , Cursor: 54, Timestamp: 2024-10-19 18:49:12 +0000 UTC
Client: 1729363734352, Operation: DELETE, Position: 53, Character: , Cursor: 53, Timestamp: 2024-10-19 18:49:12 +0000 UTC
Client: 1729363734352, Operation: DELETE, Position: 52, Character: , Cursor: 52, Timestamp: 2024-10-19 18:49:12 +0000 UTC
Client: 1729363734352, Operation: DELETE, Position: 51, Character: , Cursor: 51, Timestamp: 2024-10-19 18:49:12 +0000 UTC
Client: 1729363734352, Operation: DELETE, Position: 50, Character: , Cursor: 50, Timestamp: 2024-10-19 18:49:12 +0000 UTC
Client: 1729363734352, Operation: DELETE, Position: 49, Character: , Cursor: 49, Timestamp: 2024-10-19 18:49:13 +0000 UTC
Client: 1729363734352, Operation: DELETE, Position: 48, Character: , Cursor: 48, Timestamp: 2024-10-19 18:49:13 +0000 UTC
Client: 1729363734352, Operation: INSERT, Position: 48, Character: b, Cursor: 49, Timestamp: 2024-10-19 18:49:14 +0000 UTC
Client: 1729363734352, Operation: INSERT, Position: 49, Character: b, Cursor: 50, Timestamp: 2024-10-19 18:49:14 +0000 UTC
Client: 1729363734352, Operation: INSERT, Position: 50, Character: b, Cursor: 51, Timestamp: 2024-10-19 18:49:14 +0000 UTC
Client: 1729363734352, Operation: INSERT, Position: 51, Character: b, Cursor: 52, Timestamp: 2024-10-19 18:49:14 +0000 UTC
Client: 1729363734352, Operation: INSERT, Position: 52, Character: b, Cursor: 53, Timestamp: 2024-10-19 18:49:14 +0000 UTC
Client: 1729363734352, Operation: INSERT, Position: 53, Character: b, Cursor: 54, Timestamp: 2024-10-19 18:49:14 +0000 UTC
Client: 1729363734352, Operation: INSERT, Position: 54, Character: b, Cursor: 55, Timestamp: 2024-10-19 18:49:14 +0000 UTC
Client: 1729363734352, Operation: INSERT, Position: 55, Character: b, Cursor: 56, Timestamp: 2024-10-19 18:49:14 +0000 UTC
Client: 1729363734352, Operation: INSERT, Position: 56, Character: b, Cursor: 57, Timestamp: 2024-10-19 18:49:14 +0000 UTC
Client: 1729363734352, Operation: INSERT, Position: 57, Character: b, Cursor: 58, Timestamp: 2024-10-19 18:49:14 +0000 UTC
Client: 1729363734352, Operation: INSERT, Position: 58, Character: b, Cursor: 59, Timestamp: 2024-10-19 18:49:14 +0000 UTC
Client: 1729363734352, Operation: INSERT, Position: 59, Character: b, Cursor: 60, Timestamp: 2024-10-19 18:49:14 +0000 UTC
Client: 1729363734352, Operation: INSERT, Position: 60, Character: b, Cursor: 61, Timestamp: 2024-10-19 18:49:15 +0000 UTC
Client: 1729363734352, Operation: DELETE, Position: 60, Character: , Cursor: 60, Timestamp: 2024-10-19 18:49:15 +0000 UTC
Client: 1729363734352, Operation: DELETE, Position: 59, Character: , Cursor: 59, Timestamp: 2024-10-19 18:49:15 +0000 UTC
Client: 1729363734352, Operation: DELETE, Position: 58, Character: , Cursor: 58, Timestamp: 2024-10-19 18:49:16 +0000 UTC
Client: 1729363734352, Operation: DELETE, Position: 57, Character: , Cursor: 57, Timestamp: 2024-10-19 18:49:16 +0000 UTC
Client: 1729363734352, Operation: DELETE, Position: 56, Character: , Cursor: 56, Timestamp: 2024-10-19 18:49:16 +0000 UTC
Client: 1729363734352, Operation: DELETE, Position: 55, Character: , Cursor: 55, Timestamp: 2024-10-19 18:49:16 +0000 UTC
Client: 1729363734352, Operation: DELETE, Position: 54, Character: , Cursor: 54, Timestamp: 2024-10-19 18:49:16 +0000 UTC
Client: 1729363734352, Operation: DELETE, Position: 53, Character: , Cursor: 53, Timestamp: 2024-10-19 18:49:16 +0000 UTC
Client: 1729363734352, Operation: DELETE, Position: 52, Character: , Cursor: 52, Timestamp: 2024-10-19 18:49:16 +0000 UTC
Client: 1729363734352, Operation: DELETE, Position: 51, Character: , Cursor: 51, Timestamp: 2024-10-19 18:49:16 +0000 UTC
Client: 1729363734352, Operation: DELETE, Position: 50, Character: , Cursor: 50, Timestamp: 2024-10-19 18:49:16 +0000 UTC
Client: 1729363734352, Operation: DELETE, Position: 49, Character: , Cursor: 49, Timestamp: 2024-10-19 18:49:16 +0000 UTC
Client: 1729363734352, Operation: DELETE, Position: 48, Character: , Cursor: 48, Timestamp: 2024-10-19 18:49:16 +0000 UTC
Client: 1729363734352, Operation: INSERT, Position: 48, Character:  , Cursor: 49, Timestamp: 2024-10-19 18:49:17 +0000 UTC
Client: 1729363734352, Operation: INSERT, Position: 49, Character: s, Cursor: 50, Timestamp: 2024-10-19 18:49:18 +0000 UTC
Client: 1729363734352, Operation: INSERT, Position: 50, Character: o, Cursor: 51, Timestamp: 2024-10-19 18:49:18 +0000 UTC
Client: 1729363734352, Operation: INSERT, Position: 51, Character: m, Cursor: 52, Timestamp: 2024-10-19 18:49:18 +0000 UTC
Client: 1729363734352, Operation: INSERT, Position: 52, Character: e, Cursor: 53, Timestamp: 2024-10-19 18:49:18 +0000 UTC
Client: 1729363734352, Operation: INSERT, Position: 53, Character: t, Cursor: 54, Timestamp: 2024-10-19 18:49:18 +0000 UTC
Client: 1729363734352, Operation: INSERT, Position: 54, Character: i, Cursor: 55, Timestamp: 2024-10-19 18:49:18 +0000 UTC
Client: 1729363734352, Operation: INSERT, Position: 55, Character: m, Cursor: 56, Timestamp: 2024-10-19 18:49:19 +0000 UTC
Client: 1729363734352, Operation: INSERT, Position: 56, Character: e, Cursor: 57, Timestamp: 2024-10-19 18:49:19 +0000 UTC
Client: 1729363734352, Operation: INSERT, Position: 57, Character: s, Cursor: 58, Timestamp: 2024-10-19 18:49:19 +0000 UTC
Client: 1729363734352, Operation: INSERT, Position: 58, Character:  , Cursor: 59, Timestamp: 2024-10-19 18:49:19 +0000 UTC
Client: 1729363734352, Operation: INSERT, Position: 59, Character: i, Cursor: 60, Timestamp: 2024-10-19 18:49:19 +0000 UTC
Client: 1729363734352, Operation: INSERT, Position: 60, Character: t, Cursor: 61, Timestamp: 2024-10-19 18:49:19 +0000 UTC
Client: 1729363734352, Operation: INSERT, Position: 61, Character:  , Cursor: 62, Timestamp: 2024-10-19 18:49:19 +0000 UTC
Client: 1729363734352, Operation: INSERT, Position: 62, Character: j, Cursor: 63, Timestamp: 2024-10-19 18:49:20 +0000 UTC
Client: 1729363734352, Operation: INSERT, Position: 63, Character: u, Cursor: 64, Timestamp: 2024-10-19 18:49:20 +0000 UTC
Client: 1729363734352, Operation: INSERT, Position: 64, Character: s, Cursor: 65, Timestamp: 2024-10-19 18:49:20 +0000 UTC
Client: 1729363734352, Operation: INSERT, Position: 65, Character: t, Cursor: 66, Timestamp: 2024-10-19 18:49:20 +0000 UTC
Client: 1729363734352, Operation: INSERT, Position: 66, Character:  , Cursor: 67, Timestamp: 2024-10-19 18:49:21 +0000 UTC
Client: 1729363734352, Operation: INSERT, Position: 67, Character: g, Cursor: 68, Timestamp: 2024-10-19 18:49:21 +0000 UTC
Client: 1729363734352, Operation: INSERT, Position: 68, Character: o, Cursor: 69, Timestamp: 2024-10-19 18:49:21 +0000 UTC
Client: 1729363734352, Operation: INSERT, Position: 69, Character: e, Cursor: 70, Timestamp: 2024-10-19 18:49:21 +0000 UTC
Client: 1729363734352, Operation: INSERT, Position: 70, Character: s, Cursor: 71, Timestamp: 2024-10-19 18:49:21 +0000 UTC
Client: 1729363734352, Operation: INSERT, Position: 71, Character:  , Cursor: 72, Timestamp: 2024-10-19 18:49:21 +0000 UTC
Client: 1729363734352, Operation: INSERT, Position: 72, Character: o, Cursor: 73, Timestamp: 2024-10-19 18:49:22 +0000 UTC
Client: 1729363734352, Operation: INSERT, Position: 73, Character: f, Cursor: 74, Timestamp: 2024-10-19 18:49:22 +0000 UTC
Client: 1729363734352, Operation: INSERT, Position: 74, Character: f, Cursor: 75, Timestamp: 2024-10-19 18:49:22 +0000 UTC
Client: 1729363769590, Operation: INSERT, Position: 75, Character:  , Cursor: 76, Timestamp: 2024-10-19 18:49:45 +0000 UTC
Client: 1729363769590, Operation: INSERT, Position: 76, Character: a, Cursor: 77, Timestamp: 2024-10-19 18:49:46 +0000 UTC
Client: 1729363769590, Operation: INSERT, Position: 78, Character: d, Cursor: 79, Timestamp: 2024-10-19 18:49:47 +0000 UTC
Client: 1729363769590, Operation: INSERT, Position: 79, Character:  , Cursor: 80, Timestamp: 2024-10-19 18:49:47 +0000 UTC
Client: 1729363769590, Operation: INSERT, Position: 80, Character: i, Cursor: 81, Timestamp: 2024-10-19 18:49:47 +0000 UTC
Client: 1729363769590, Operation: INSERT, Position: 81, Character: t, Cursor: 82, Timestamp: 2024-10-19 18:49:47 +0000 UTC
Client: 1729363769590, Operation: INSERT, Position: 82, Character:  , Cursor: 83, Timestamp: 2024-10-19 18:49:47 +0000 UTC
Client: 1729363769590, Operation: INSERT, Position: 83, Character: c, Cursor: 84, Timestamp: 2024-10-19 18:49:47 +0000 UTC
Client: 1729363769590, Operation: INSERT, Position: 84, Character: o, Cursor: 85, Timestamp: 2024-10-19 18:49:48 +0000 UTC
Client: 1729363769590, Operation: INSERT, Position: 85, Character: m, Cursor: 86, Timestamp: 2024-10-19 18:49:48 +0000 UTC
Client: 1729363769590, Operation: INSERT, Position: 86, Character: e, Cursor: 87, Timestamp: 2024-10-19 18:49:48 +0000 UTC
Client: 1729363769590, Operation: INSERT, Position: 87, Character: s, Cursor: 88, Timestamp: 2024-10-19 18:49:48 +0000 UTC
Client: 1729363769590, Operation: INSERT, Position: 88, Character:  , Cursor: 89, Timestamp: 2024-10-19 18:49:48 +0000 UTC
Client: 1729363769590, Operation: INSERT, Position: 89, Character: o, Cursor: 90, Timestamp: 2024-10-19 18:49:48 +0000 UTC
Client: 1729363769590, Operation: INSERT, Position: 90, Character: n, Cursor: 91, Timestamp: 2024-10-19 18:49:48 +0000 UTC
Client: 1729363769590, Operation: INSERT, Position: 91, Character:  , Cursor: 92, Timestamp: 2024-10-19 18:50:07 +0000 UTC
Client: 1729363769590, Operation: INSERT, Position: 92, Character: h, Cursor: 93, Timestamp: 2024-10-19 18:50:07 +0000 UTC
Client: 1729363769590, Operation: INSERT, Position: 93, Character: y, Cursor: 94, Timestamp: 2024-10-19 18:50:08 +0000 UTC
Client: 1729363769590, Operation: DELETE, Position: 93, Character: , Cursor: 93, Timestamp: 2024-10-19 18:50:08 +0000 UTC
Client: 1729363769590, Operation: INSERT, Position: 93, Character: e, Cursor: 94, Timestamp: 2024-10-19 18:50:08 +0000 UTC
Client: 1729363769590, Operation: INSERT, Position: 94, Character: y, Cursor: 95, Timestamp: 2024-10-19 18:50:08 +0000 UTC
Client: 1729363769590, Operation: INSERT, Position: 95, Character:  , Cursor: 96, Timestamp: 2024-10-19 18:50:08 +0000 UTC
Client: 1729363769590, Operation: INSERT, Position: 96, Character: o, Cursor: 97, Timestamp: 2024-10-19 18:50:09 +0000 UTC
Client: 1729363769590, Operation: INSERT, Position: 97, Character: h, Cursor: 98, Timestamp: 2024-10-19 18:50:09 +0000 UTC
Client: 1729363769590, Operation: INSERT, Position: 98, Character:  , Cursor: 99, Timestamp: 2024-10-19 18:50:09 +0000 UTC
Client: 1729363769590, Operation: INSERT, Position: 99, Character: y, Cursor: 100, Timestamp: 2024-10-19 18:50:10 +0000 UTC
Client: 1729363769590, Operation: INSERT, Position: 100, Character: e, Cursor: 101, Timestamp: 2024-10-19 18:50:10 +0000 UTC
Client: 1729363769590, Operation: INSERT, Position: 101, Character: a, Cursor: 102, Timestamp: 2024-10-19 18:50:10 +0000 UTC
Client: 1729363769590, Operation: INSERT, Position: 102, Character: h, Cursor: 103, Timestamp: 2024-10-19 18:50:10 +0000 UTC
Client: 1729363769590, Operation: INSERT, Position: 103, Character:  , Cursor: 104, Timestamp: 2024-10-19 18:50:10 +0000 UTC
Client: 1729363769590, Operation: INSERT, Position: 104, Character: h, Cursor: 105, Timestamp: 2024-10-19 18:50:11 +0000 UTC
Client: 1729363769590, Operation: INSERT, Position: 105, Character: e, Cursor: 106, Timestamp: 2024-10-19 18:50:11 +0000 UTC
Client: 1729363769590, Operation: INSERT, Position: 106, Character: y, Cursor: 107, Timestamp: 2024-10-19 18:50:11 +0000 UTC
Client: 1729363769590, Operation: INSERT, Position: 107, Character:  , Cursor: 108, Timestamp: 2024-10-19 18:50:11 +0000 UTC
Client: 1729363769590, Operation: INSERT, Position: 108, Character: o, Cursor: 109, Timestamp: 2024-10-19 18:50:11 +0000 UTC
Client: 1729363769590, Operation: INSERT, Position: 109, Character: h, Cursor: 110, Timestamp: 2024-10-19 18:50:11 +0000 UTC
Client: 1729363769590, Operation: DELETE, Position: 109, Character: , Cursor: 109, Timestamp: 2024-10-19 18:50:12 +0000 UTC
Client: 1729363769590, Operation: DELETE, Position: 108, Character: , Cursor: 108, Timestamp: 2024-10-19 18:50:12 +0000 UTC
Client: 1729363769590, Operation: DELETE, Position: 107, Character: , Cursor: 107, Timestamp: 2024-10-19 18:50:13 +0000 UTC
Client: 1729363769590, Operation: DELETE, Position: 106, Character: , Cursor: 106, Timestamp: 2024-10-19 18:50:13 +0000 UTC
Client: 1729363769590, Operation: DELETE, Position: 105, Character: , Cursor: 105, Timestamp: 2024-10-19 18:50:13 +0000 UTC
Client: 1729363769590, Operation: DELETE, Position: 104, Character: , Cursor: 104, Timestamp: 2024-10-19 18:50:13 +0000 UTC
Client: 1729363769590, Operation: DELETE, Position: 103, Character: , Cursor: 103, Timestamp: 2024-10-19 18:50:13 +0000 UTC
Client: 1729363769590, Operation: DELETE, Position: 102, Character: , Cursor: 102, Timestamp: 2024-10-19 18:50:13 +0000 UTC
Client: 1729363769590, Operation: DELETE, Position: 101, Character: , Cursor: 101, Timestamp: 2024-10-19 18:50:13 +0000 UTC
Client: 1729363769590, Operation: DELETE, Position: 100, Character: , Cursor: 100, Timestamp: 2024-10-19 18:50:13 +0000 UTC
Client: 1729363769590, Operation: DELETE, Position: 99, Character: , Cursor: 99, Timestamp: 2024-10-19 18:50:13 +0000 UTC
Client: 1729363769590, Operation: DELETE, Position: 98, Character: , Cursor: 98, Timestamp: 2024-10-19 18:50:13 +0000 UTC
Client: 1729363769590, Operation: DELETE, Position: 97, Character: , Cursor: 97, Timestamp: 2024-10-19 18:50:13 +0000 UTC
Client: 1729363769590, Operation: DELETE, Position: 96, Character: , Cursor: 96, Timestamp: 2024-10-19 18:50:13 +0000 UTC
Client: 1729363769590, Operation: DELETE, Position: 95, Character: , Cursor: 95, Timestamp: 2024-10-19 18:50:13 +0000 UTC
Client: 1729363769590, Operation: DELETE, Position: 94, Character: , Cursor: 94, Timestamp: 2024-10-19 18:50:13 +0000 UTC
Client: 1729363769590, Operation: INSERT, Position: 25, Character: d, Cursor: 26, Timestamp: 2024-10-19 18:50:15 +0000 UTC
Client: 1729363769590, Operation: INSERT, Position: 26, Character: d, Cursor: 27, Timestamp: 2024-10-19 18:50:15 +0000 UTC
Client: 1729363769590, Operation: INSERT, Position: 27, Character:  , Cursor: 28, Timestamp: 2024-10-19 18:50:16 +0000 UTC
Client: 1729363791482, Operation: INSERT, Position: 97, Character: d, Cursor: 98, Timestamp: 2024-10-19 18:50:17 +0000 UTC
Client: 1729363791482, Operation: INSERT, Position: 28, Character: d, Cursor: 29, Timestamp: 2024-10-19 18:50:18 +0000 UTC
Client: 1729363791482, Operation: INSERT, Position: 29, Character: f, Cursor: 30, Timestamp: 2024-10-19 18:50:18 +0000 UTC
Client: 1729363791482, Operation: INSERT, Position: 0, Character: f, Cursor: 1, Timestamp: 2024-10-19 18:50:18 +0000 UTC
Client: 1729363791482, Operation: INSERT, Position: 2, Character: f, Cursor: 3, Timestamp: 2024-10-19 18:50:19 +0000 UTC
Client: 1729363769590, Operation: INSERT, Position: 37, Character: d, Cursor: 38, Timestamp: 2024-10-19 18:50:19 +0000 UTC
Client: 1729363769590, Operation: INSERT, Position: 21, Character: f, Cursor: 22, Timestamp: 2024-10-19 18:50:19 +0000 UTC
Client: 1729363769590, Operation: INSERT, Position: 22, Character: d, Cursor: 23, Timestamp: 2024-10-19 18:50:20 +0000 UTC
Client: 1729363769590, Operation: INSERT, Position: 23, Character: s, Cursor: 24, Timestamp: 2024-10-19 18:50:20 +0000 UTC
Client: 1729363769590, Operation: INSERT, Position: 24, Character: a, Cursor: 25, Timestamp: 2024-10-19 18:50:20 +0000 UTC
Client: 1729363769590, Operation: INSERT, Position: 107, Character: a, Cursor: 108, Timestamp: 2024-10-19 18:50:20 +0000 UTC
Client: 1729363769590, Operation: INSERT, Position: 108, Character: f, Cursor: 109, Timestamp: 2024-10-19 18:50:20 +0000 UTC
Client: 1729363769590, Operation: INSERT, Position: 109, Character: a, Cursor: 110, Timestamp: 2024-10-19 18:50:20 +0000 UTC
Client: 1729363769590, Operation: INSERT, Position: 110, Character: s, Cursor: 111, Timestamp: 2024-10-19 18:50:20 +0000 UTC
Client: 1729363769590, Operation: INSERT, Position: 111, Character: f, Cursor: 112, Timestamp: 2024-10-19 18:50:21 +0000 UTC
Client: 1729363769590, Operation: INSERT, Position: 112, Character: a, Cursor: 113, Timestamp: 2024-10-19 18:50:21 +0000 UTC
Client: 1729363769590, Operation: INSERT, Position: 113, Character: s, Cursor: 114, Timestamp: 2024-10-19 18:50:21 +0000 UTC
Client: 1729363791482, Operation: DELETE, Position: 79, Character: , Cursor: 79, Timestamp: 2024-10-19 18:50:23 +0000 UTC
Client: 1729363791482, Operation: INSERT, Position: 80, Character: d, Cursor: 81, Timestamp: 2024-10-19 18:50:24 +0000 UTC
Client: 1729363791482, Operation: INSERT, Position: 81, Character: d, Cursor: 82, Timestamp: 2024-10-19 18:50:24 +0000 UTC
Client: 1729363769590, Operation: INSERT, Position: 115, Character: d, Cursor: 116, Timestamp: 2024-10-19 18:50:25 +0000 UTC
Client: 1729363769590, Operation: INSERT, Position: 116, Character: d, Cursor: 117, Timestamp: 2024-10-19 18:50:25 +0000 UTC
Client: 1729363769590, Operation: INSERT, Position: 117, Character: d, Cursor: 118, Timestamp: 2024-10-19 18:50:26 +0000 UTC
Client: 1729363769590, Operation: DELETE, Position: 117, Character: , Cursor: 117, Timestamp: 2024-10-19 18:50:26 +0000 UTC
Client: 1729363769590, Operation: DELETE, Position: 116, Character: , Cursor: 116, Timestamp: 2024-10-19 18:50:27 +0000 UTC
Client: 1729363769590, Operation: DELETE, Position: 115, Character: , Cursor: 115, Timestamp: 2024-10-19 18:50:27 +0000 UTC
Client: 1729363769590, Operation: DELETE, Position: 114, Character: , Cursor: 114, Timestamp: 2024-10-19 18:50:27 +0000 UTC
Client: 1729363769590, Operation: DELETE, Position: 113, Character: , Cursor: 113, Timestamp: 2024-10-19 18:50:27 +0000 UTC
Client: 1729363769590, Operation: DELETE, Position: 112, Character: , Cursor: 112, Timestamp: 2024-10-19 18:50:27 +0000 UTC
Client: 1729363769590, Operation: DELETE, Position: 111, Character: , Cursor: 111, Timestamp: 2024-10-19 18:50:27 +0000 UTC
Client: 1729363769590, Operation: DELETE, Position: 110, Character: , Cursor: 110, Timestamp: 2024-10-19 18:50:27 +0000 UTC
Client: 1729363769590, Operation: DELETE, Position: 109, Character: , Cursor: 109, Timestamp: 2024-10-19 18:50:27 +0000 UTC
Client: 1729363769590, Operation: DELETE, Position: 108, Character: , Cursor: 108, Timestamp: 2024-10-19 18:50:27 +0000 UTC
Client: 1729363769590, Operation: DELETE, Position: 107, Character: , Cursor: 107, Timestamp: 2024-10-19 18:50:27 +0000 UTC
Client: 1729363769590, Operation: DELETE, Position: 106, Character: , Cursor: 106, Timestamp: 2024-10-19 18:50:27 +0000 UTC
Client: 1729363769590, Operation: DELETE, Position: 105, Character: , Cursor: 105, Timestamp: 2024-10-19 18:50:27 +0000 UTC
Client: 1729363769590, Operation: DELETE, Position: 104, Character: , Cursor: 104, Timestamp: 2024-10-19 18:50:27 +0000 UTC
Client: 1729363769590, Operation: DELETE, Position: 103, Character: , Cursor: 103, Timestamp: 2024-10-19 18:50:27 +0000 UTC
Client: 1729363769590, Operation: DELETE, Position: 102, Character: , Cursor: 102, Timestamp: 2024-10-19 18:50:27 +0000 UTC
Client: 1729363769590, Operation: DELETE, Position: 101, Character: , Cursor: 101, Timestamp: 2024-10-19 18:50:27 +0000 UTC
Client: 1729363769590, Operation: DELETE, Position: 100, Character: , Cursor: 100, Timestamp: 2024-10-19 18:50:27 +0000 UTC
Client: 1729363769590, Operation: DELETE, Position: 99, Character: , Cursor: 99, Timestamp: 2024-10-19 18:50:27 +0000 UTC
Client: 1729363769590, Operation: DELETE, Position: 98, Character: , Cursor: 98, Timestamp: 2024-10-19 18:50:27 +0000 UTC
Client: 1729363769590, Operation: DELETE, Position: 97, Character: , Cursor: 97, Timestamp: 2024-10-19 18:50:27 +0000 UTC
Client: 1729363769590, Operation: DELETE, Position: 96, Character: , Cursor: 96, Timestamp: 2024-10-19 18:50:27 +0000 UTC
Client: 1729363769590, Operation: DELETE, Position: 95, Character: , Cursor: 95, Timestamp: 2024-10-19 18:50:27 +0000 UTC
Client: 1729363769590, Operation: DELETE, Position: 94, Character: , Cursor: 94, Timestamp: 2024-10-19 18:50:27 +0000 UTC
Client: 1729363769590, Operation: DELETE, Position: 93, Character: , Cursor: 93, Timestamp: 2024-10-19 18:50:27 +0000 UTC
Client: 1729363769590, Operation: DELETE, Position: 92, Character: , Cursor: 92, Timestamp: 2024-10-19 18:50:27 +0000 UTC
Client: 1729363769590, Operation: DELETE, Position: 91, Character: , Cursor: 91, Timestamp: 2024-10-19 18:50:27 +0000 UTC
Client: 1729363769590, Operation: DELETE, Position: 90, Character: , Cursor: 90, Timestamp: 2024-10-19 18:50:27 +0000 UTC
Client: 1729363769590, Operation: DELETE, Position: 89, Character: , Cursor: 89, Timestamp: 2024-10-19 18:50:27 +0000 UTC
Client: 1729363769590, Operation: DELETE, Position: 88, Character: , Cursor: 88, Timestamp: 2024-10-19 18:50:27 +0000 UTC
Client: 1729363769590, Operation: DELETE, Position: 87, Character: , Cursor: 87, Timestamp: 2024-10-19 18:50:28 +0000 UTC
Client: 1729363769590, Operation: DELETE, Position: 86, Character: , Cursor: 86, Timestamp: 2024-10-19 18:50:28 +0000 UTC
Client: 1729363769590, Operation: DELETE, Position: 85, Character: , Cursor: 85, Timestamp: 2024-10-19 18:50:28 +0000 UTC
Client: 1729363769590, Operation: DELETE, Position: 84, Character: , Cursor: 84, Timestamp: 2024-10-19 18:50:28 +0000 UTC
Client: 1729363769590, Operation: DELETE, Position: 83, Character: , Cursor: 83, Timestamp: 2024-10-19 18:50:28 +0000 UTC
Client: 1729363769590, Operation: DELETE, Position: 82, Character: , Cursor: 82, Timestamp: 2024-10-19 18:50:28 +0000 UTC
Client: 1729363769590, Operation: DELETE, Position: 81, Character: , Cursor: 81, Timestamp: 2024-10-19 18:50:28 +0000 UTC
Client: 1729363769590, Operation: DELETE, Position: 80, Character: , Cursor: 80, Timestamp: 2024-10-19 18:50:28 +0000 UTC
Client: 1729363769590, Operation: DELETE, Position: 79, Character: , Cursor: 79, Timestamp: 2024-10-19 18:50:28 +0000 UTC
Client: 1729363769590, Operation: DELETE, Position: 78, Character: , Cursor: 78, Timestamp: 2024-10-19 18:50:28 +0000 UTC
Client: 1729363769590, Operation: DELETE, Position: 77, Character: , Cursor: 77, Timestamp: 2024-10-19 18:50:28 +0000 UTC
Client: 1729363769590, Operation: DELETE, Position: 76, Character: , Cursor: 76, Timestamp: 2024-10-19 18:50:28 +0000 UTC
Client: 1729363769590, Operation: DELETE, Position: 75, Character: , Cursor: 75, Timestamp: 2024-10-19 18:50:28 +0000 UTC
Client: 1729363769590, Operation: DELETE, Position: 74, Character: , Cursor: 74, Timestamp: 2024-10-19 18:50:28 +0000 UTC
Client: 1729363769590, Operation: DELETE, Position: 73, Character: , Cursor: 73, Timestamp: 2024-10-19 18:50:28 +0000 UTC
Client: 1729363769590, Operation: DELETE, Position: 72, Character: , Cursor: 72, Timestamp: 2024-10-19 18:50:28 +0000 UTC
Client: 1729363769590, Operation: DELETE, Position: 71, Character: , Cursor: 71, Timestamp: 2024-10-19 18:50:28 +0000 UTC
Client: 1729363769590, Operation: DELETE, Position: 70, Character: , Cursor: 70, Timestamp: 2024-10-19 18:50:28 +0000 UTC
Client: 1729363769590, Operation: DELETE, Position: 69, Character: , Cursor: 69, Timestamp: 2024-10-19 18:50:28 +0000 UTC
Client: 1729363769590, Operation: DELETE, Position: 68, Character: , Cursor: 68, Timestamp: 2024-10-19 18:50:28 +0000 UTC
Client: 1729363769590, Operation: DELETE, Position: 67, Character: , Cursor: 67, Timestamp: 2024-10-19 18:50:28 +0000 UTC
Client: 1729363769590, Operation: DELETE, Position: 66, Character: , Cursor: 66, Timestamp: 2024-10-19 18:50:28 +0000 UTC
Client: 1729363769590, Operation: DELETE, Position: 65, Character: , Cursor: 65, Timestamp: 2024-10-19 18:50:28 +0000 UTC
Client: 1729363769590, Operation: DELETE, Position: 64, Character: , Cursor: 64, Timestamp: 2024-10-19 18:50:28 +0000 UTC
Client: 1729363769590, Operation: DELETE, Position: 63, Character: , Cursor: 63, Timestamp: 2024-10-19 18:50:28 +0000 UTC
Client: 1729363769590, Operation: DELETE, Position: 62, Character: , Cursor: 62, Timestamp: 2024-10-19 18:50:28 +0000 UTC
Client: 1729363769590, Operation: DELETE, Position: 61, Character: , Cursor: 61, Timestamp: 2024-10-19 18:50:28 +0000 UTC
Client: 1729363769590, Operation: DELETE, Position: 60, Character: , Cursor: 60, Timestamp: 2024-10-19 18:50:28 +0000 UTC
Client: 1729363769590, Operation: DELETE, Position: 59, Character: , Cursor: 59, Timestamp: 2024-10-19 18:50:28 +0000 UTC
Client: 1729363769590, Operation: DELETE, Position: 58, Character: , Cursor: 58, Timestamp: 2024-10-19 18:50:28 +0000 UTC
Client: 1729363769590, Operation: DELETE, Position: 57, Character: , Cursor: 57, Timestamp: 2024-10-19 18:50:28 +0000 UTC
Client: 1729363769590, Operation: DELETE, Position: 56, Character: , Cursor: 56, Timestamp: 2024-10-19 18:50:28 +0000 UTC
Client: 1729363769590, Operation: DELETE, Position: 55, Character: , Cursor: 55, Timestamp: 2024-10-19 18:50:28 +0000 UTC
Client: 1729363769590, Operation: DELETE, Position: 54, Character: , Cursor: 54, Timestamp: 2024-10-19 18:50:29 +0000 UTC
Client: 1729363769590, Operation: DELETE, Position: 53, Character: , Cursor: 53, Timestamp: 2024-10-19 18:50:29 +0000 UTC
Client: 1729363769590, Operation: DELETE, Position: 52, Character: , Cursor: 52, Timestamp: 2024-10-19 18:50:29 +0000 UTC
Client: 1729363769590, Operation: DELETE, Position: 51, Character: , Cursor: 51, Timestamp: 2024-10-19 18:50:29 +0000 UTC
Client: 1729363769590, Operation: DELETE, Position: 50, Character: , Cursor: 50, Timestamp: 2024-10-19 18:50:29 +0000 UTC
Client: 1729363769590, Operation: DELETE, Position: 49, Character: , Cursor: 49, Timestamp: 2024-10-19 18:50:29 +0000 UTC
Client: 1729363769590, Operation: DELETE, Position: 48, Character: , Cursor: 48, Timestamp: 2024-10-19 18:50:29 +0000 UTC
Client: 1729363769590, Operation: DELETE, Position: 47, Character: , Cursor: 47, Timestamp: 2024-10-19 18:50:29 +0000 UTC
Client: 1729363769590, Operation: DELETE, Position: 46, Character: , Cursor: 46, Timestamp: 2024-10-19 18:50:29 +0000 UTC
Client: 1729363769590, Operation: DELETE, Position: 45, Character: , Cursor: 45, Timestamp: 2024-10-19 18:50:29 +0000 UTC
Client: 1729363769590, Operation: DELETE, Position: 44, Character: , Cursor: 44, Timestamp: 2024-10-19 18:50:29 +0000 UTC
Client: 1729363769590, Operation: DELETE, Position: 43, Character: , Cursor: 43, Timestamp: 2024-10-19 18:50:29 +0000 UTC
Client: 1729363769590, Operation: DELETE, Position: 42, Character: , Cursor: 42, Timestamp: 2024-10-19 18:50:29 +0000 UTC
Client: 1729363769590, Operation: DELETE, Position: 41, Character: , Cursor: 41, Timestamp: 2024-10-19 18:50:29 +0000 UTC
Client: 1729363769590, Operation: DELETE, Position: 40, Character: , Cursor: 40, Timestamp: 2024-10-19 18:50:29 +0000 UTC
Client: 1729363769590, Operation: DELETE, Position: 39, Character: , Cursor: 39, Timestamp: 2024-10-19 18:50:29 +0000 UTC
Client: 1729363769590, Operation: DELETE, Position: 38, Character: , Cursor: 38, Timestamp: 2024-10-19 18:50:29 +0000 UTC
Client: 1729363769590, Operation: DELETE, Position: 37, Character: , Cursor: 37, Timestamp: 2024-10-19 18:50:29 +0000 UTC
Client: 1729363769590, Operation: DELETE, Position: 36, Character: , Cursor: 36, Timestamp: 2024-10-19 18:50:29 +0000 UTC
Client: 1729363769590, Operation: DELETE, Position: 35, Character: , Cursor: 35, Timestamp: 2024-10-19 18:50:29 +0000 UTC
Client: 1729363769590, Operation: DELETE, Position: 34, Character: , Cursor: 34, Timestamp: 2024-10-19 18:50:29 +0000 UTC
Client: 1729363769590, Operation: DELETE, Position: 33, Character: , Cursor: 33, Timestamp: 2024-10-19 18:50:29 +0000 UTC
Client: 1729363769590, Operation: DELETE, Position: 32, Character: , Cursor: 32, Timestamp: 2024-10-19 18:50:29 +0000 UTC
Client: 1729363769590, Operation: DELETE, Position: 31, Character: , Cursor: 31, Timestamp: 2024-10-19 18:50:29 +0000 UTC
Client: 1729363769590, Operation: DELETE, Position: 30, Character: , Cursor: 30, Timestamp: 2024-10-19 18:50:29 +0000 UTC
Client: 1729363769590, Operation: DELETE, Position: 29, Character: , Cursor: 29, Timestamp: 2024-10-19 18:50:29 +0000 UTC
Client: 1729363769590, Operation: DELETE, Position: 28, Character: , Cursor: 28, Timestamp: 2024-10-19 18:50:29 +0000 UTC
Client: 1729363769590, Operation: DELETE, Position: 27, Character: , Cursor: 27, Timestamp: 2024-10-19 18:50:29 +0000 UTC
Client: 1729363769590, Operation: DELETE, Position: 26, Character: , Cursor: 26, Timestamp: 2024-10-19 18:50:29 +0000 UTC
Client: 1729363769590, Operation: DELETE, Position: 25, Character: , Cursor: 25, Timestamp: 2024-10-19 18:50:29 +0000 UTC
Client: 1729363769590, Operation: DELETE, Position: 24, Character: , Cursor: 24, Timestamp: 2024-10-19 18:50:29 +0000 UTC
Client: 1729363769590, Operation: DELETE, Position: 23, Character: , Cursor: 23, Timestamp: 2024-10-19 18:50:29 +0000 UTC
Client: 1729363769590, Operation: DELETE, Position: 22, Character: , Cursor: 22, Timestamp: 2024-10-19 18:50:29 +0000 UTC
Client: 1729363769590, Operation: DELETE, Position: 21, Character: , Cursor: 21, Timestamp: 2024-10-19 18:50:30 +0000 UTC
Client: 1729363769590, Operation: DELETE, Position: 20, Character: , Cursor: 20, Timestamp: 2024-10-19 18:50:30 +0000 UTC
Client: 1729363769590, Operation: DELETE, Position: 19, Character: , Cursor: 19, Timestamp: 2024-10-19 18:50:30 +0000 UTC
Client: 1729363769590, Operation: DELETE, Position: 18, Character: , Cursor: 18, Timestamp: 2024-10-19 18:50:30 +0000 UTC
Client: 1729363769590, Operation: DELETE, Position: 17, Character: , Cursor: 17, Timestamp: 2024-10-19 18:50:30 +0000 UTC
Client: 1729363769590, Operation: DELETE, Position: 16, Character: , Cursor: 16, Timestamp: 2024-10-19 18:50:30 +0000 UTC
Client: 1729363769590, Operation: DELETE, Position: 15, Character: , Cursor: 15, Timestamp: 2024-10-19 18:50:30 +0000 UTC
Client: 1729363769590, Operation: DELETE, Position: 14, Character: , Cursor: 14, Timestamp: 2024-10-19 18:50:30 +0000 UTC
Client: 1729363769590, Operation: DELETE, Position: 13, Character: , Cursor: 13, Timestamp: 2024-10-19 18:50:30 +0000 UTC
Client: 1729363769590, Operation: DELETE, Position: 12, Character: , Cursor: 12, Timestamp: 2024-10-19 18:50:30 +0000 UTC
Client: 1729363769590, Operation: DELETE, Position: 11, Character: , Cursor: 11, Timestamp: 2024-10-19 18:50:30 +0000 UTC
Client: 1729363769590, Operation: DELETE, Position: 10, Character: , Cursor: 10, Timestamp: 2024-10-19 18:50:30 +0000 UTC
Client: 1729363769590, Operation: DELETE, Position: 9, Character: , Cursor: 9, Timestamp: 2024-10-19 18:50:30 +0000 UTC
Client: 1729363769590, Operation: DELETE, Position: 8, Character: , Cursor: 8, Timestamp: 2024-10-19 18:50:30 +0000 UTC
Client: 1729363769590, Operation: DELETE, Position: 7, Character: , Cursor: 7, Timestamp: 2024-10-19 18:50:30 +0000 UTC
Client: 1729363769590, Operation: DELETE, Position: 6, Character: , Cursor: 6, Timestamp: 2024-10-19 18:50:30 +0000 UTC
Client: 1729363769590, Operation: DELETE, Position: 5, Character: , Cursor: 5, Timestamp: 2024-10-19 18:50:30 +0000 UTC
Client: 1729363769590, Operation: DELETE, Position: 4, Character: , Cursor: 4, Timestamp: 2024-10-19 18:50:30 +0000 UTC
Client: 1729363769590, Operation: DELETE, Position: 3, Character: , Cursor: 3, Timestamp: 2024-10-19 18:50:30 +0000 UTC
Client: 1729363769590, Operation: DELETE, Position: 2, Character: , Cursor: 2, Timestamp: 2024-10-19 18:50:30 +0000 UTC
Client: 1729363769590, Operation: DELETE, Position: 1, Character: , Cursor: 1, Timestamp: 2024-10-19 18:50:30 +0000 UTC
Client: 1729363769590, Operation: DELETE, Position: 0, Character: , Cursor: 0, Timestamp: 2024-10-19 18:50:30 +0000 UTC
